# readelf -S libc++_shared.so > 2.log
There are 36 section headers, starting at offset 0x5f2640:

Section Headers:
  [Nr] Name              Type             Address           Offset
       Size              EntSize          Flags  Link  Info  Align
  [ 0]                   NULL             0000000000000000  00000000
       0000000000000000  0000000000000000           0     0     0
  [ 1] .note.gnu.bu[...] NOTE             0000000000000200  00000200
       0000000000000024  0000000000000000   A       0     0     4
  [ 2] .hash             HASH             0000000000000228  00000228
       0000000000004484  0000000000000004   A       4     0     8
  [ 3] .gnu.hash         GNU_HASH         00000000000046b0  000046b0
       0000000000004a70  0000000000000000   A       4     0     8
  [ 4] .dynsym           DYNSYM           0000000000009120  00009120
       000000000000da70  0000000000000018   A       5     3     8
  [ 5] .dynstr           STRTAB           0000000000016b90  00016b90
       000000000001a958  0000000000000000   A       0     0     1
  [ 6] .gnu.version      VERSYM           00000000000314e8  000314e8
       0000000000001234  0000000000000002   A       4     0     2
  [ 7] .gnu.version_r    VERNEED          0000000000032720  00032720
       0000000000000040  0000000000000000   A       5     2     8
  [ 8] .rela.dyn         RELA             0000000000032760  00032760
       00000000000125e8  0000000000000018   A       4     0     8
  [ 9] .rela.plt         RELA             0000000000044d48  00044d48
       00000000000022f8  0000000000000018  AI       4    21     8
  [10] .plt              PROGBITS         0000000000047040  00047040
       0000000000001770  0000000000000010  AX       0     0     16
  [11] .text             PROGBITS         00000000000487b0  000487b0
       000000000006daf0  0000000000000000  AX       0     0     4
  [12] .rodata           PROGBITS         00000000000b62a0  000b62a0
       0000000000005d5d  0000000000000000   A       0     0     16
  [13] .eh_frame_hdr     PROGBITS         00000000000bc000  000bc000
       0000000000003d14  0000000000000000   A       0     0     4
  [14] .eh_frame         PROGBITS         00000000000bfd18  000bfd18
       0000000000010880  0000000000000000   A       0     0     8
  [15] .gcc_except_table PROGBITS         00000000000d0598  000d0598
       0000000000005464  0000000000000000   A       0     0     4
  [16] .note.androi[...] NOTE             00000000000d59fc  000d59fc
       0000000000000098  0000000000000000   A       0     0     4
  [17] .init_array       INIT_ARRAY       00000000000d7018  000d6018
       0000000000000008  0000000000000008  WA       0     0     8
  [18] .fini_array       FINI_ARRAY       00000000000d7020  000d6020
       0000000000000010  0000000000000008  WA       0     0     8
  [19] .data.rel.ro      PROGBITS         00000000000d7030  000d6030
       0000000000006cc8  0000000000000000  WA       0     0     8
  [20] .dynamic          DYNAMIC          00000000000ddcf8  000dccf8
       00000000000001f0  0000000000000010  WA       5     0     8
  [21] .got              PROGBITS         00000000000ddee8  000dcee8
       0000000000001118  0000000000000008  WA       0     0     8
  [22] .data             PROGBITS         00000000000df000  000de000
       00000000000000f8  0000000000000000  WA       0     0     8
  [23] .bss              NOBITS           00000000000df100  000de0f8
       0000000000003300  0000000000000000  WA       0     0     16
  [24] .comment          PROGBITS         0000000000000000  000de0f8
       00000000000000dc  0000000000000001  MS       0     0     1
  [25] .debug_aranges    PROGBITS         0000000000000000  000de1d4
       00000000000000f0  0000000000000000           0     0     1
  [26] .debug_info       PROGBITS         0000000000000000  000de2c4
       0000000000192c55  0000000000000000           0     0     1
  [27] .debug_abbrev     PROGBITS         0000000000000000  00270f19
       000000000000e1ed  0000000000000000           0     0     1
  [28] .debug_line       PROGBITS         0000000000000000  0027f106
       0000000000070a59  0000000000000000           0     0     1
  [29] .debug_str        PROGBITS         0000000000000000  002efb5f
       0000000000088967  0000000000000001  MS       0     0     1
  [30] .debug_loc        PROGBITS         0000000000000000  003784c6
       00000000001c11ea  0000000000000000           0     0     1
  [31] .debug_macinfo    PROGBITS         0000000000000000  005396b0
       0000000000000034  0000000000000000           0     0     1
  [32] .debug_ranges     PROGBITS         0000000000000000  005396e4
       0000000000064e40  0000000000000000           0     0     1
  [33] .shstrtab         STRTAB           0000000000000000  005f24c9
       0000000000000173  0000000000000000           0     0     1
  [34] .symtab           SYMTAB           0000000000000000  0059e528
       0000000000026b68  0000000000000018          35   4280     8
  [35] .strtab           STRTAB           0000000000000000  005c5090
       000000000002d439  0000000000000000           0     0     1
Key to Flags:
  W (write), A (alloc), X (execute), M (merge), S (strings), I (info),
  L (link order), O (extra OS processing required), G (group), T (TLS),
  C (compressed), x (unknown), o (OS specific), E (exclude),
  D (mbind), p (processor specific)
