# readelf -l libc++_shared.so > 3.log
Elf file type is DYN (Shared object file)
Entry point 0x487b0
There are 8 program headers, starting at offset 64

Program Headers:
  Type           Offset             VirtAddr           PhysAddr
                 FileSiz            MemSiz              Flags  Align
  LOAD           0x0000000000000000 0x0000000000000000 0x0000000000000000
                 0x00000000000d5a94 0x00000000000d5a94  R E    0x1000
  LOAD           0x00000000000d6018 0x00000000000d7018 0x00000000000d7018
                 0x00000000000080e0 0x000000000000b3e8  RW     0x1000
  DYNAMIC        0x00000000000dccf8 0x00000000000ddcf8 0x00000000000ddcf8
                 0x00000000000001f0 0x00000000000001f0  RW     0x8
  NOTE           0x0000000000000200 0x0000000000000200 0x0000000000000200
                 0x0000000000000024 0x0000000000000024  R      0x4
  NOTE           0x00000000000d59fc 0x00000000000d59fc 0x00000000000d59fc
                 0x0000000000000098 0x0000000000000098  R      0x4
  GNU_EH_FRAME   0x00000000000bc000 0x00000000000bc000 0x00000000000bc000
                 0x0000000000003d14 0x0000000000003d14  R      0x4
  GNU_STACK      0x0000000000000000 0x0000000000000000 0x0000000000000000
                 0x0000000000000000 0x0000000000000000  RW     0x10
  GNU_RELRO      0x00000000000d6018 0x00000000000d7018 0x00000000000d7018
                 0x0000000000007fe8 0x0000000000007fe8  R      0x1

 Section to Segment mapping:
  Segment Sections...
   00     .note.gnu.build-id .hash .gnu.hash .dynsym .dynstr .gnu.version .gnu.version_r .rela.dyn .rela.plt .plt .text .rodata .eh_frame_hdr .eh_frame .gcc_except_table .note.android.ident 
   01     .init_array .fini_array .data.rel.ro .dynamic .got .data .bss 
   02     .dynamic 
   03     .note.gnu.build-id 
   04     .note.android.ident 
   05     .eh_frame_hdr 
   06     
   07     .init_array .fini_array .data.rel.ro .dynamic .got 
